<?xml version="1.0" encoding="UTF-8"?>
<!-- Generated by org.testng.reporters.JUnitReportReporter -->
<testsuite skipped="0" hostname="KALPA-PC" name="tests.JSONSchemaValidator" tests="1" failures="0" timestamp="2021-07-17T18:22:24 IST" time="4.585" errors="0">
  <testcase name="testGet" time="4.585" classname="tests.JSONSchemaValidator"/>
</testsuite> <!-- tests.JSONSchemaValidator -->
