<?xml version="1.0" encoding="UTF-8"?>
<!-- Generated by org.testng.reporters.JUnitReportReporter -->
<testsuite skipped="0" hostname="KALPA-PC" name="tests.GetAndPostExamples" tests="1" failures="0" timestamp="2021-07-11T22:41:26 IST" time="3.017" errors="0">
  <testcase name="testPost" time="3.017" classname="tests.GetAndPostExamples"/>
</testsuite> <!-- tests.GetAndPostExamples -->
