<?xml version="1.0" encoding="UTF-8"?>
<!-- Generated by org.testng.reporters.JUnitReportReporter -->
<testsuite skipped="0" hostname="KALPA-PC" name="tests.TestsExamples" tests="1" failures="0" timestamp="2021-07-06T05:57:19 IST" time="1.761" errors="0">
  <testcase name="test_1" time="1.761" classname="tests.TestsExamples"/>
  <system-out/>
</testsuite> <!-- tests.TestsExamples -->
