<?xml version="1.0" encoding="UTF-8"?>
<!-- Generated by org.testng.reporters.JUnitReportReporter -->
<testsuite skipped="0" hostname="KALPA-PC" name="tests.TestExamples2" tests="1" failures="0" timestamp="2021-07-07T07:20:49 IST" time="3.985" errors="0">
  <testcase name="test_2" time="3.985" classname="tests.TestExamples2"/>
</testsuite> <!-- tests.TestExamples2 -->
