<?xml version="1.0" encoding="UTF-8"?>
<!-- Generated by org.testng.reporters.JUnitReportReporter -->
<testsuite skipped="0" hostname="KALPA-PC" name="tests.PutPatchDeleteExamples" tests="2" failures="0" timestamp="2021-07-11T23:06:46 IST" time="3.566" errors="0">
  <testcase name="testPut" time="0.790" classname="tests.PutPatchDeleteExamples"/>
  <testcase name="testDelete" time="2.776" classname="tests.PutPatchDeleteExamples"/>
</testsuite> <!-- tests.PutPatchDeleteExamples -->
