<?xml version="1.0" encoding="UTF-8"?>
<!-- Generated by org.testng.reporters.JUnitReportReporter -->
<testsuite skipped="0" hostname="KALPA-PC" name="tests.TestOnLocalAPI" tests="1" failures="0" timestamp="2021-07-17T06:52:29 IST" time="2.010" errors="0">
  <testcase name="delete" time="2.010" classname="tests.TestOnLocalAPI"/>
</testsuite> <!-- tests.TestOnLocalAPI -->
