<?xml version="1.0" encoding="UTF-8"?>
<!-- Generated by org.testng.reporters.JUnitReportReporter -->
<testsuite skipped="0" hostname="KALPA-PC" name="tests.SoapXMLRequest" tests="1" failures="0" timestamp="2021-07-18T07:43:16 IST" time="3.513" errors="0">
  <testcase name="validateSoapXML" time="3.513" classname="tests.SoapXMLRequest"/>
</testsuite> <!-- tests.SoapXMLRequest -->
