<?xml version="1.0" encoding="UTF-8"?>
<!-- Generated by org.testng.reporters.JUnitReportReporter -->
<testsuite skipped="0" hostname="KALPA-PC" name="tests.XMLSchemaValidation" tests="1" failures="0" timestamp="2021-07-18T17:43:44 IST" time="4.277" errors="0">
  <testcase name="xmlSchemaValidation" time="4.277" classname="tests.XMLSchemaValidation"/>
</testsuite> <!-- tests.XMLSchemaValidation -->
